{
  "RSpec": {
    "coverage": {
      "/Users/apprentice/Desktop/labshare/amys-repo-labshare/labshare/config/environment.rb": [
        null,
        1,
        null,
        null,
        1
      ],
      "/Users/apprentice/Desktop/labshare/amys-repo-labshare/labshare/config/application.rb": [
        1,
        null,
        1,
        null,
        1,
        1,
        1,
        1,
        1,
        1,
        1,
        null,
        null,
        null,
        null,
        1,
        null,
        1,
        1,
        null,
        null,
        null,
        null,
        null,
        null,
        null,
        null,
        null,
        null,
        null,
        null,
        null,
        1,
        null,
        null
      ],
      "/Users/apprentice/Desktop/labshare/amys-repo-labshare/labshare/config/boot.rb": [
        1,
        null,
        1
      ],
      "/Users/apprentice/Desktop/labshare/amys-repo-labshare/labshare/config/environments/test.rb": [
        1,
        null,
        null,
        null,
        null,
        null,
        null,
        1,
        null,
        null,
        null,
        null,
        1,
        null,
        null,
        1,
        1,
        null,
        null,
        1,
        1,
        null,
        null,
        1,
        null,
        null,
        1,
        null,
        null,
        null,
        null,
        1,
        null,
        null,
        1,
        null,
        null,
        1,
        null,
        null,
        null,
        null
      ],
      "/Users/apprentice/Desktop/labshare/amys-repo-labshare/labshare/config/initializers/assets.rb": [
        null,
        null,
        null,
        1,
        null,
        null,
        null,
        null,
        null,
        null,
        null
      ],
      "/Users/apprentice/Desktop/labshare/amys-repo-labshare/labshare/config/initializers/backtrace_silencers.rb": [
        null,
        null,
        null,
        null,
        null,
        null,
        null
      ],
      "/Users/apprentice/Desktop/labshare/amys-repo-labshare/labshare/config/initializers/cookies_serializer.rb": [
        null,
        null,
        1
      ],
      "/Users/apprentice/Desktop/labshare/amys-repo-labshare/labshare/config/initializers/filter_parameter_logging.rb": [
        null,
        null,
        null,
        1
      ],
      "/Users/apprentice/Desktop/labshare/amys-repo-labshare/labshare/config/initializers/inflections.rb": [
        null,
        null,
        null,
        null,
        null,
        null,
        null,
        null,
        null,
        null,
        null,
        null,
        null,
        null,
        null,
        null
      ],
      "/Users/apprentice/Desktop/labshare/amys-repo-labshare/labshare/config/initializers/mime_types.rb": [
        null,
        null,
        null,
        null
      ],
      "/Users/apprentice/Desktop/labshare/amys-repo-labshare/labshare/config/initializers/session_store.rb": [
        null,
        null,
        1
      ],
      "/Users/apprentice/Desktop/labshare/amys-repo-labshare/labshare/config/initializers/wrap_parameters.rb": [
        null,
        null,
        null,
        null,
        null,
        null,
        1,
        1,
        null,
        null,
        null,
        null,
        null,
        null
      ],
      "/Users/apprentice/Desktop/labshare/amys-repo-labshare/labshare/config/routes.rb": [
        1,
        1,
        null,
        1,
        1,
        null,
        1,
        1,
        null,
        null,
        null
      ],
      "/Users/apprentice/Desktop/labshare/amys-repo-labshare/labshare/app/helpers/application_helper.rb": [
        1,
        null
      ],
      "/Users/apprentice/Desktop/labshare/amys-repo-labshare/labshare/spec/features/edit_proposal_spec.rb": [

      ],
      "/Users/apprentice/Desktop/labshare/amys-repo-labshare/labshare/spec/features/users_can_login_and_register_spec.rb": [
        1,
        null,
        1,
        1,
        1,
        1,
        0,
        0,
        0,
        0,
        0,
        0,
        null,
        null,
        1,
        1,
        1,
        0,
        0,
        0,
        0,
        0,
        0,
        null,
        null,
        1,
        1,
        1,
        0,
        0,
        0,
        0,
        0,
        null,
        null,
        1,
        1,
        1,
        0,
        0,
        0,
        0,
        null,
        null,
        1,
        1,
        1,
        1,
        0,
        0,
        0,
        0,
        null,
        null,
        1,
        1,
        1,
        1,
        0,
        0,
        0,
        0,
        null,
        null
      ],
      "/Users/apprentice/Desktop/labshare/amys-repo-labshare/labshare/spec/features/view_all_proposals_spec.rb": [
        1,
        1,
        null,
        1,
        1,
        1,
        1,
        null,
        1,
        null,
        1,
        1,
        null,
        null
      ],
      "/Users/apprentice/Desktop/labshare/amys-repo-labshare/labshare/spec/features/view_one_proposal_spec.rb": [

      ],
      "/Users/apprentice/Desktop/labshare/amys-repo-labshare/labshare/app/controllers/proposals_controller.rb": [
        1,
        null,
        null,
        null,
        1,
        7,
        null,
        null,
        1,
        2,
        null,
        null,
        1,
        0,
        null,
        null,
        1,
        3,
        null,
        null,
        1,
        null,
        null,
        1,
        null,
        null,
        0,
        null,
        null,
        0,
        0,
        0,
        null,
        0,
        null,
        null,
        null,
        1,
        null,
        null,
        1,
        1,
        0,
        null,
        0,
        null,
        null,
        null,
        1,
        0,
        null,
        null
      ],
      "/Users/apprentice/Desktop/labshare/amys-repo-labshare/labshare/app/controllers/application_controller.rb": [
        1,
        null,
        null,
        1,
        null
      ],
      "/Users/apprentice/Desktop/labshare/amys-repo-labshare/labshare/app/models/proposal.rb": [
        1,
        8,
        null,
        1,
        null,
        1,
        null,
        null
      ],
      "/Users/apprentice/Desktop/labshare/amys-repo-labshare/labshare/app/models/user.rb": [
        1,
        1,
        1,
        1,
        1,
        null,
        1,
        null,
        1,
        null,
        1,
        null,
        1,
        3,
        0,
        null,
        null,
        null,
        null,
        null
      ]
    },
    "timestamp": 1477579629
  }
}
